DEBUG:__main__:Deleted from the replica folder: C:\Users\Cocoa\Desktop\deving\Veeam\Python task\Replica Folder\Blabla.txt
DEBUG:__main__:Deleted from the replica folder: C:\Users\Cocoa\Desktop\deving\Veeam\Python task\Replica Folder\Folder 1
DEBUG:__main__:Deleted from the replica folder: C:\Users\Cocoa\Desktop\deving\Veeam\Python task\Replica Folder\Folder 2
DEBUG:__main__:Deleted from the replica folder: C:\Users\Cocoa\Desktop\deving\Veeam\Python task\Replica Folder\Green cat.jpg
DEBUG:__main__:Created copy from [C:\Users\Cocoa\Documents\Things\Job - Copy\CV Photo.jpg] in [C:\Users\Cocoa\Desktop\deving\Veeam\Python task\Replica Folder\CV Photo.jpg]
DEBUG:__main__:Copied the directory from [C:\Users\Cocoa\Documents\Things\Job - Copy\Cover Letter App Maintenance] in [C:\Users\Cocoa\Desktop\deving\Veeam\Python task\Replica Folder\Cover Letter App Maintenance]
DEBUG:__main__:Copied the directory from [C:\Users\Cocoa\Documents\Things\Job - Copy\Cover Letter Backend] in [C:\Users\Cocoa\Desktop\deving\Veeam\Python task\Replica Folder\Cover Letter Backend]
DEBUG:__main__:Copied the directory from [C:\Users\Cocoa\Documents\Things\Job - Copy\Cover Letter Frontend app] in [C:\Users\Cocoa\Desktop\deving\Veeam\Python task\Replica Folder\Cover Letter Frontend app]
DEBUG:__main__:Copied the directory from [C:\Users\Cocoa\Documents\Things\Job - Copy\Cover Letter Fullstack] in [C:\Users\Cocoa\Desktop\deving\Veeam\Python task\Replica Folder\Cover Letter Fullstack]
DEBUG:__main__:Copied the directory from [C:\Users\Cocoa\Documents\Things\Job - Copy\Cover Letter Fullstack Java] in [C:\Users\Cocoa\Desktop\deving\Veeam\Python task\Replica Folder\Cover Letter Fullstack Java]
DEBUG:__main__:Copied the directory from [C:\Users\Cocoa\Documents\Things\Job - Copy\Cover Letter Junior qa] in [C:\Users\Cocoa\Desktop\deving\Veeam\Python task\Replica Folder\Cover Letter Junior qa]
DEBUG:__main__:Copied the directory from [C:\Users\Cocoa\Documents\Things\Job - Copy\Cover Letter SQL Developer] in [C:\Users\Cocoa\Desktop\deving\Veeam\Python task\Replica Folder\Cover Letter SQL Developer]
DEBUG:__main__:Copied the directory from [C:\Users\Cocoa\Documents\Things\Job - Copy\Cover Letter Software Engineer] in [C:\Users\Cocoa\Desktop\deving\Veeam\Python task\Replica Folder\Cover Letter Software Engineer]
DEBUG:__main__:Copied the directory from [C:\Users\Cocoa\Documents\Things\Job - Copy\Cover Letter Web Analyst] in [C:\Users\Cocoa\Desktop\deving\Veeam\Python task\Replica Folder\Cover Letter Web Analyst]
DEBUG:__main__:Created copy from [C:\Users\Cocoa\Documents\Things\Job - Copy\Cover Letter.pdf] in [C:\Users\Cocoa\Desktop\deving\Veeam\Python task\Replica Folder\Cover Letter.pdf]
DEBUG:__main__:Created copy from [C:\Users\Cocoa\Documents\Things\Job - Copy\Pedro Delgado - EN.pdf] in [C:\Users\Cocoa\Desktop\deving\Veeam\Python task\Replica Folder\Pedro Delgado - EN.pdf]
DEBUG:__main__:Created copy from [C:\Users\Cocoa\Documents\Things\Job - Copy\Pedro Delgado - PT.pdf] in [C:\Users\Cocoa\Desktop\deving\Veeam\Python task\Replica Folder\Pedro Delgado - PT.pdf]
DEBUG:__main__:Deleted from the replica folder: C:\Users\Cocoa\Desktop\deving\Veeam\Python task\Replica Folder\Blabla.txt
DEBUG:__main__:Created copy from [C:\Users\Cocoa\Documents\Things\Job - Copy\CV Photo.jpg] in [C:\Users\Cocoa\Desktop\deving\Veeam\Python task\Replica Folder\CV Photo.jpg]
DEBUG:__main__:Copied the directory from [C:\Users\Cocoa\Documents\Things\Job - Copy\Cover Letter App Maintenance] in [C:\Users\Cocoa\Desktop\deving\Veeam\Python task\Replica Folder\Cover Letter App Maintenance]
DEBUG:__main__:Copied the directory from [C:\Users\Cocoa\Documents\Things\Job - Copy\Cover Letter Backend] in [C:\Users\Cocoa\Desktop\deving\Veeam\Python task\Replica Folder\Cover Letter Backend]
DEBUG:__main__:Copied the directory from [C:\Users\Cocoa\Documents\Things\Job - Copy\Cover Letter Frontend app] in [C:\Users\Cocoa\Desktop\deving\Veeam\Python task\Replica Folder\Cover Letter Frontend app]
DEBUG:__main__:Copied the directory from [C:\Users\Cocoa\Documents\Things\Job - Copy\Cover Letter Fullstack] in [C:\Users\Cocoa\Desktop\deving\Veeam\Python task\Replica Folder\Cover Letter Fullstack]
DEBUG:__main__:Copied the directory from [C:\Users\Cocoa\Documents\Things\Job - Copy\Cover Letter Fullstack Java] in [C:\Users\Cocoa\Desktop\deving\Veeam\Python task\Replica Folder\Cover Letter Fullstack Java]
DEBUG:__main__:Copied the directory from [C:\Users\Cocoa\Documents\Things\Job - Copy\Cover Letter Junior qa] in [C:\Users\Cocoa\Desktop\deving\Veeam\Python task\Replica Folder\Cover Letter Junior qa]
DEBUG:__main__:Copied the directory from [C:\Users\Cocoa\Documents\Things\Job - Copy\Cover Letter SQL Developer] in [C:\Users\Cocoa\Desktop\deving\Veeam\Python task\Replica Folder\Cover Letter SQL Developer]
DEBUG:__main__:Copied the directory from [C:\Users\Cocoa\Documents\Things\Job - Copy\Cover Letter Software Engineer] in [C:\Users\Cocoa\Desktop\deving\Veeam\Python task\Replica Folder\Cover Letter Software Engineer]
DEBUG:__main__:Copied the directory from [C:\Users\Cocoa\Documents\Things\Job - Copy\Cover Letter Web Analyst] in [C:\Users\Cocoa\Desktop\deving\Veeam\Python task\Replica Folder\Cover Letter Web Analyst]
DEBUG:__main__:Created copy from [C:\Users\Cocoa\Documents\Things\Job - Copy\Cover Letter.pdf] in [C:\Users\Cocoa\Desktop\deving\Veeam\Python task\Replica Folder\Cover Letter.pdf]
DEBUG:__main__:Created copy from [C:\Users\Cocoa\Documents\Things\Job - Copy\Pedro Delgado - EN.pdf] in [C:\Users\Cocoa\Desktop\deving\Veeam\Python task\Replica Folder\Pedro Delgado - EN.pdf]
DEBUG:__main__:Created copy from [C:\Users\Cocoa\Documents\Things\Job - Copy\Pedro Delgado - PT.pdf] in [C:\Users\Cocoa\Desktop\deving\Veeam\Python task\Replica Folder\Pedro Delgado - PT.pdf]
